/ firefox
/vendor/bootstrap.min.css firefox
/vendor/prettify.css firefox
/css/style.css firefox
/vendor/polyfill.js firefox
/vendor/require.min.js firefox
/img/favicon.ico firefox
/main.js firefox
/vendor/lodash.min.js firefox
/vendor/jquery.min.js firefox
/api_data.js firefox
/api_project.js firefox
/utils/send_sample_request.js firefox
/vendor/semver.min.js firefox
/vendor/webfontloader.js firefox
/vendor/path-to-regexp/index.js firefox
/vendor/handlebars.min.js firefox
/vendor/prettify/prettify.js firefox
/locales/locale.js firefox
/vendor/bootstrap.min.js firefox
/locales/ca.js firefox
/locales/es.js firefox
/locales/fr.js firefox
/locales/it.js firefox
/locales/nl.js firefox
/locales/pl.js firefox
/locales/pt_br.js firefox
/locales/ru.js firefox
/locales/zh.js firefox
/locales/zh_cn.js firefox
/utils/handlebars_helper.js firefox
/locales/de.js firefox
/vendor/diff_match_patch.min.js firefox
/ chrome
/vendor/bootstrap.min.css chrome
/vendor/prettify.css chrome
/css/style.css chrome
/vendor/polyfill.js chrome
/vendor/require.min.js chrome
/main.js chrome
/vendor/lodash.min.js chrome
/vendor/jquery.min.js chrome
/locales/locale.js chrome
/api_project.js chrome
/api_data.js chrome
/vendor/semver.min.js chrome
/utils/send_sample_request.js chrome
/vendor/webfontloader.js chrome
/vendor/path-to-regexp/index.js chrome
/vendor/prettify/prettify.js chrome
/vendor/handlebars.min.js chrome
/locales/ca.js chrome
/locales/de.js chrome
/locales/es.js chrome
/locales/fr.js chrome
/locales/it.js chrome
/locales/nl.js chrome
/locales/pl.js chrome
/locales/pt_br.js chrome
/locales/zh.js chrome
/locales/ru.js chrome
/locales/zh_cn.js chrome
/vendor/bootstrap.min.js chrome
/utils/handlebars_helper.js chrome
/vendor/diff_match_patch.min.js chrome
/api/plans/1 paw
/ safari
/vendor/prettify.css safari
/css/style.css safari
/vendor/bootstrap.min.css safari
/vendor/polyfill.js safari
/vendor/require.min.js safari
/main.js safari
/locales/locale.js safari
/api_project.js safari
/vendor/lodash.min.js safari
/api_data.js safari
/vendor/jquery.min.js safari
/vendor/semver.min.js safari
/utils/send_sample_request.js safari
/vendor/path-to-regexp/index.js safari
/vendor/prettify/prettify.js safari
/locales/ca.js safari
/vendor/webfontloader.js safari
/vendor/handlebars.min.js safari
/locales/fr.js safari
/locales/it.js safari
/locales/es.js safari
/locales/nl.js safari
/locales/de.js safari
/locales/pt_br.js safari
/locales/pl.js safari
/locales/ru.js safari
/locales/zh.js safari
/locales/zh_cn.js safari
/utils/handlebars_helper.js safari
/vendor/bootstrap.min.js safari
/vendor/diff_match_patch.min.js safari
/api/users/1 paw
/api/users/1 paw
/api/users/2 paw
/api/register paw
/api/users/2 paw
/api/users/2/plans paw
/api/users/1/plans paw
/api/users/1/plans paw
/api/users/1/plans paw
/api/users/1/plans paw
/ chrome
/ chrome
/ chrome
/api/register chrome
/api/register chrome
/api/register chrome
/api/register chrome
/api/register chrome
/api/register chrome
/api/register chrome
/api/register chrome
/api/register chrome
/ chrome
/api/register chrome
/api/register chrome
/api/register chrome
/api/register chrome
/api/register chrome
/ chrome
/api/register chrome
/api/register chrome
/api/register chrome
/ chrome
/api/register chrome
/api/register chrome
/api/register chrome
/api/register chrome
/api/register chrome
/api/register chrome
/api/register chrome
/api/register chrome
/api/register chrome
/api/register chrome
/ chrome
/vendor/bootstrap.min.css chrome
/vendor/prettify.css chrome
/css/style.css chrome
/vendor/polyfill.js chrome
/vendor/require.min.js chrome
/main.js chrome
/vendor/lodash.min.js chrome
/locales/locale.js chrome
/vendor/jquery.min.js chrome
/api_project.js chrome
/api_data.js chrome
/utils/send_sample_request.js chrome
/vendor/webfontloader.js chrome
/vendor/path-to-regexp/index.js chrome
/vendor/semver.min.js chrome
/vendor/prettify/prettify.js chrome
/vendor/handlebars.min.js chrome
/locales/ca.js chrome
/locales/es.js chrome
/locales/fr.js chrome
/locales/it.js chrome
/locales/nl.js chrome
/locales/pl.js chrome
/locales/pt_br.js chrome
/locales/ru.js chrome
/locales/zh.js chrome
/locales/zh_cn.js chrome
/locales/de.js chrome
/vendor/bootstrap.min.js chrome
/utils/handlebars_helper.js chrome
/vendor/diff_match_patch.min.js chrome
/api/users chrome
/api/users chrome
/api/users chrome
/api/plans paw
/api/plans paw
/api/plans paw
/api/plans paw
/api/plans paw
/api/plans paw
/api/plans paw
/api/users/1/plans paw
/api/users/1/plans paw
/api/plans chrome
/api/plans/1 paw
/api/register paw
/api/register paw
/api/plans/1 paw
/api/plans/1 paw
/api/plans/1 paw
/api/plans/1 paw
/api/plans/1 paw
/api/plans paw
/api/plans/7 paw
/api/plans/7 paw
/api/plans/7 paw
/api/plans/7 paw
/api/plans/7 paw
/api/plans/7 paw
/api/plans/6 paw
/api/plans/6 paw
/api/plans/6 paw
/api/plans/6 paw
/api/register chrome
/api/register chrome
/api/register chrome
/api/register chrome
/ chrome
/api/users chrome
/api/users chrome
/api/register chrome
/api/users chrome
/api/register chrome
/api/users/1 chrome
/api/users/1 chrome
/api/users/1 chrome
/api/users/1 chrome
/api/users/1 chrome
/api/users/1 chrome
/api/users/1/plans paw
/api/plans paw
/api/users/1 chrome
/api/users/1 chrome
/api/users/1 chrome
/api/users/1 chrome
/api/users/1 chrome
/api/users/1 chrome
/api/register chrome
/api/register chrome
/api/register chrome
/api/register chrome
/api/users chrome
/api/users/1 chrome
/api/users/1 chrome
/api/users/1 chrome
/api/users/1 chrome
/ chrome
/api/register chrome
/api/register chrome
/api/register chrome
/api/register chrome
/api/users chrome
/api/users/1 chrome
/api/users/1 chrome
/api/users/1 chrome
/api/users/1 chrome
/ chrome
/api/users/5 chrome
/api/users/2 chrome
/api/users/2 chrome
/api/users/2 chrome
/api/users/2 chrome
/api/users/2 chrome
/api/users chrome
/api/users chrome
/api/register chrome
/api/register chrome
/api/register chrome
/api/register chrome
/api/users chrome
/api/users/1 chrome
/api/users/1 chrome
/api/users/1 chrome
/api/users/1 chrome
/api/users/2 chrome
/api/users chrome
/ chrome
/api/register chrome
/api/register chrome
/api/register chrome
/api/register chrome
/api/users chrome
/api/users/1 chrome
/api/users/1 chrome
/api/users/1 chrome
/api/users/1 chrome
/api/users/2 chrome
/api/users chrome
/ chrome
/api/users/1/plans chrome
/api/register chrome
/api/register chrome
/api/register chrome
/api/register chrome
/api/users chrome
/api/users/1 chrome
/api/users/1 chrome
/api/users/1 chrome
/api/users/1 chrome
/api/users/2 chrome
/api/users chrome
/api/users/1/plans chrome
/ chrome
/api/plans chrome
/api/plans chrome
/api/plans chrome
/api/plans/2 chrome
/api/plans/2 chrome
/api/plans chrome
/api/plans/2 chrome
/api/register chrome
/api/register chrome
/api/register chrome
/api/register chrome
/api/users chrome
/api/users/1 chrome
/api/users/1 chrome
/api/users/1 chrome
/api/users/1 chrome
/api/users/2 chrome
/api/users chrome
/api/users/1/plans chrome
/ chrome
/api/plans chrome
/api/plans/2 chrome
/api/plans/2 chrome
/api/register chrome
/api/register chrome
/api/register chrome
/api/register chrome
/api/users chrome
/api/users/1 chrome
/api/users/1 chrome
/api/users/1 chrome
/api/users/1 chrome
/api/users/2 chrome
/api/users chrome
/api/users/1/plans chrome
/ chrome
/api/plans chrome
/api/plans chrome
/api/plans chrome
/api/plans chrome
/api/plans chrome
/api/plans chrome
/api/plans chrome
/api/plans chrome
/api/plans chrome
/api/plans chrome
/api/plans chrome
/api/plans chrome
/api/plans chrome
/api/plans/2 chrome
/api/plans chrome
/api/plans chrome
/api/plans chrome
/api/plans chrome
/api/register chrome
/api/register chrome
/api/register chrome
/api/register chrome
/api/users chrome
/api/users/1 chrome
/api/users/1 chrome
/api/users/1 chrome
/api/users/1 chrome
/api/users/2 chrome
/api/users chrome
/api/users/1/plans chrome
/ chrome
/api/plans chrome
/api/plans chrome
/api/plans/2 chrome
/api/plans chrome
/api/plans chrome
/api/plans chrome
/api/plans chrome
/api/register chrome
/api/register chrome
/api/register chrome
/api/register chrome
/api/users chrome
/api/users/1 chrome
/api/users/1 chrome
/api/users/1 chrome
/api/users/1 chrome
/api/users/2 chrome
/api/users chrome
/api/users/1/plans chrome
/ chrome
/api/plans/2 chrome
/api/plans/2 chrome
/api/plans/2 chrome
/api/plans/2 chrome
/api/plans/2 chrome
/api/plans/2 chrome
/api/plans/4 chrome
/api/plans/2 chrome
/api/plans/2 chrome
/api/plans/2 chrome
/api/plans/1 chrome
/api/plans/1 chrome
/api/plans chrome
/api/plans/2 chrome
/api/plans chrome
/api/plans chrome
/api/plans chrome
/api/plans chrome
/api/plans/2 chrome
/api/plans/1 chrome
/api/register chrome
/api/register chrome
/api/register chrome
/api/register chrome
/api/users chrome
/api/users/1 chrome
/api/users/1 chrome
/api/users/1 chrome
/api/users/1 chrome
/api/users/2 chrome
/api/users chrome
/api/users/1/plans chrome
/ chrome
/ chrome
/vendor/bootstrap.min.css chrome
/vendor/prettify.css chrome
/css/style.css chrome
/vendor/polyfill.js chrome
/vendor/require.min.js chrome
/main.js chrome
/vendor/jquery.min.js chrome
/vendor/lodash.min.js chrome
/locales/locale.js chrome
/api_project.js chrome
/utils/send_sample_request.js chrome
/api_data.js chrome
/vendor/semver.min.js chrome
/vendor/webfontloader.js chrome
/vendor/handlebars.min.js chrome
/vendor/path-to-regexp/index.js chrome
/vendor/prettify/prettify.js chrome
/locales/ca.js chrome
/locales/de.js chrome
/locales/es.js chrome
/locales/fr.js chrome
/locales/pl.js chrome
/locales/it.js chrome
/locales/nl.js chrome
/locales/pt_br.js chrome
/locales/ru.js chrome
/locales/zh.js chrome
/locales/zh_cn.js chrome
/vendor/bootstrap.min.js chrome
/utils/handlebars_helper.js chrome
/vendor/diff_match_patch.min.js chrome
/ chrome
/vendor/bootstrap.min.css chrome
/vendor/prettify.css chrome
/css/style.css chrome
/vendor/polyfill.js chrome
/vendor/require.min.js chrome
/main.js chrome
/vendor/lodash.min.js chrome
/vendor/jquery.min.js chrome
/locales/locale.js chrome
/api_project.js chrome
/api_data.js chrome
/utils/send_sample_request.js chrome
/vendor/webfontloader.js chrome
/vendor/semver.min.js chrome
/vendor/path-to-regexp/index.js chrome
/vendor/prettify/prettify.js chrome
/vendor/handlebars.min.js chrome
/locales/ca.js chrome
/locales/de.js chrome
/locales/es.js chrome
/locales/fr.js chrome
/locales/it.js chrome
/locales/nl.js chrome
/locales/pl.js chrome
/locales/pt_br.js chrome
/locales/ru.js chrome
/locales/zh_cn.js chrome
/locales/zh.js chrome
/vendor/bootstrap.min.js chrome
/utils/handlebars_helper.js chrome
/vendor/diff_match_patch.min.js chrome
/ chrome
/vendor/bootstrap.min.css chrome
/vendor/polyfill.js chrome
/css/style.css chrome
/vendor/prettify.css chrome
/vendor/require.min.js chrome
/main.js chrome
/vendor/lodash.min.js chrome
/locales/locale.js chrome
/vendor/jquery.min.js chrome
/api_project.js chrome
/api_data.js chrome
/utils/send_sample_request.js chrome
/vendor/semver.min.js chrome
/vendor/webfontloader.js chrome
/vendor/path-to-regexp/index.js chrome
/vendor/prettify/prettify.js chrome
/vendor/handlebars.min.js chrome
/locales/de.js chrome
/locales/fr.js chrome
/locales/es.js chrome
/locales/ca.js chrome
/locales/it.js chrome
/locales/nl.js chrome
/locales/pl.js chrome
/locales/pt_br.js chrome
/locales/ru.js chrome
/locales/zh.js chrome
/locales/zh_cn.js chrome
/vendor/bootstrap.min.js chrome
/utils/handlebars_helper.js chrome
/vendor/diff_match_patch.min.js chrome
/ chrome
/vendor/bootstrap.min.css chrome
/vendor/prettify.css chrome
/css/style.css chrome
/vendor/polyfill.js chrome
/vendor/require.min.js chrome
/main.js chrome
/vendor/lodash.min.js chrome
/vendor/jquery.min.js chrome
/locales/locale.js chrome
/api_project.js chrome
/api_data.js chrome
/utils/send_sample_request.js chrome
/vendor/semver.min.js chrome
/vendor/webfontloader.js chrome
/vendor/path-to-regexp/index.js chrome
/vendor/prettify/prettify.js chrome
/vendor/handlebars.min.js chrome
/locales/ca.js chrome
/locales/de.js chrome
/locales/es.js chrome
/locales/fr.js chrome
/locales/it.js chrome
/locales/nl.js chrome
/locales/pl.js chrome
/locales/ru.js chrome
/locales/pt_br.js chrome
/locales/zh.js chrome
/locales/zh_cn.js chrome
/vendor/bootstrap.min.js chrome
/utils/handlebars_helper.js chrome
/vendor/diff_match_patch.min.js chrome
/api/plans chrome
/api/plans/2 chrome
/api/plans chrome
/api/plans chrome
/api/plans chrome
/api/plans chrome
/api/plans/2 chrome
/api/plans/1 chrome
/api/register chrome
/api/register chrome
/api/register chrome
/api/register chrome
/api/users chrome
/api/users/1 chrome
/api/users/1 chrome
/api/users/1 chrome
/api/users/1 chrome
/api/users/2 chrome
/api/users chrome
/api/users/1/plans chrome
/ chrome
/ chrome
/vendor/bootstrap.min.css chrome
/vendor/prettify.css chrome
/css/style.css chrome
/vendor/polyfill.js chrome
/vendor/require.min.js chrome
/main.js chrome
/locales/locale.js chrome
/vendor/jquery.min.js chrome
/api_project.js chrome
/vendor/lodash.min.js chrome
/api_data.js chrome
/utils/send_sample_request.js chrome
/vendor/webfontloader.js chrome
/vendor/semver.min.js chrome
/vendor/path-to-regexp/index.js chrome
/vendor/prettify/prettify.js chrome
/vendor/handlebars.min.js chrome
/locales/ca.js chrome
/locales/de.js chrome
/locales/es.js chrome
/locales/fr.js chrome
/locales/pl.js chrome
/locales/nl.js chrome
/locales/it.js chrome
/locales/pt_br.js chrome
/locales/ru.js chrome
/locales/zh.js chrome
/locales/zh_cn.js chrome
/vendor/bootstrap.min.js chrome
/utils/handlebars_helper.js chrome
/vendor/diff_match_patch.min.js chrome
/api/plans chrome
/api/plans/2 chrome
/api/plans chrome
/api/plans chrome
/api/plans chrome
/api/plans chrome
/api/plans/2 chrome
/api/plans/1 chrome
/api/register chrome
/api/register chrome
/api/register chrome
/api/register chrome
/api/users chrome
/api/users/1 chrome
/api/users/1 chrome
/api/users/1 chrome
/api/users/1 chrome
/api/users/2 chrome
/api/users chrome
/api/users/1/plans chrome
/ chrome
/api/plans chrome
/api/plans/2 chrome
/api/plans chrome
/api/plans chrome
/api/plans chrome
/api/plans chrome
/api/plans/2 chrome
/api/users chrome
/api/plans/1 chrome
/api/register chrome
/api/register chrome
/api/register chrome
/api/register chrome
/api/users chrome
/api/users chrome
/api/users/1 chrome
/api/users/1 chrome
/api/users/1 chrome
/api/users/1 chrome
/api/users/2 chrome
/api/users chrome
/api/users/1/plans chrome
/ chrome
/api/plans chrome
/api/plans/2 chrome
/api/plans chrome
/api/plans chrome
/api/plans chrome
/api/plans chrome
/api/plans/2 chrome
/api/plans/1 chrome
/api/register chrome
/api/register chrome
/api/register chrome
/api/register chrome
/api/users chrome
/api/users/1 chrome
/api/users/1 chrome
/api/users/1 chrome
/api/users/1 chrome
/api/users/2 chrome
/api/users chrome
/api/users/1/plans chrome
/ chrome
/api/plans chrome
/api/plans/2 chrome
/api/plans chrome
/api/plans chrome
/api/plans chrome
/api/plans chrome
/api/plans/2 chrome
/api/plans/1 chrome
/api/register chrome
/api/register chrome
/api/register chrome
/api/register chrome
/api/users chrome
/api/users/1 chrome
/api/users/1 chrome
/api/users/1 chrome
/api/users/1 chrome
/api/users/2 chrome
/api/users chrome
/api/users/1/plans chrome
/ chrome
/ chrome
/vendor/bootstrap.min.css chrome
/vendor/prettify.css chrome
/css/style.css chrome
/vendor/polyfill.js chrome
/vendor/require.min.js chrome
/main.js chrome
/vendor/jquery.min.js chrome
/vendor/lodash.min.js chrome
/locales/locale.js chrome
/api_project.js chrome
/api_data.js chrome
/utils/send_sample_request.js chrome
/vendor/semver.min.js chrome
/vendor/webfontloader.js chrome
/vendor/path-to-regexp/index.js chrome
/vendor/prettify/prettify.js chrome
/vendor/handlebars.min.js chrome
/locales/ca.js chrome
/locales/de.js chrome
/locales/es.js chrome
/locales/fr.js chrome
/locales/it.js chrome
/locales/pl.js chrome
/locales/pt_br.js chrome
/locales/nl.js chrome
/locales/ru.js chrome
/locales/zh.js chrome
/locales/zh_cn.js chrome
/vendor/bootstrap.min.js chrome
/utils/handlebars_helper.js chrome
/vendor/diff_match_patch.min.js chrome
/api/plans chrome
/api/plans/2 chrome
/api/plans chrome
/api/plans chrome
/api/plans chrome
/api/plans chrome
/api/plans/2 chrome
/api/plans/1 chrome
/api/register chrome
/api/register chrome
/api/register chrome
/api/register chrome
/api/users chrome
/api/users/1 chrome
/api/users/1 chrome
/api/users/1 chrome
/api/users/1 chrome
/api/users/2 chrome
/api/users chrome
/api/users/1/plans chrome
/ chrome
